Assembler report for qsys_lab
Tue Apr 03 15:22:17 2018
Quartus Prime Version 15.1.0 Build 185 10/21/2015 SJ Standard Edition


---------------------
; Table of Contents ;
---------------------
  1. Legal Notice
  2. Assembler Summary
  3. Assembler Settings
  4. Assembler Generated Files
  5. Assembler Device Options: C:/lab5/output_files/qsys_lab.sof
  6. Assembler Messages



----------------
; Legal Notice ;
----------------
Copyright (C) 1991-2015 Altera Corporation. All rights reserved.
Your use of Altera Corporation's design tools, logic functions 
and other software and tools, and its AMPP partner logic 
functions, and any output files from any of the foregoing 
(including device programming or simulation files), and any 
associated documentation or information are expressly subject 
to the terms and conditions of the Altera Program License 
Subscription Agreement, the Altera Quartus Prime License Agreement,
the Altera MegaCore Function License Agreement, or other 
applicable license agreement, including, without limitation, 
that your use is for the sole purpose of programming logic 
devices manufactured by Altera and sold by Altera or its 
authorized distributors.  Please refer to the applicable 
agreement for further details.



+---------------------------------------------------------------+
; Assembler Summary                                             ;
+-----------------------+---------------------------------------+
; Assembler Status      ; Successful - Tue Apr 03 15:22:17 2018 ;
; Revision Name         ; qsys_lab                              ;
; Top-level Entity Name ; qsys_lab                              ;
; Family                ; Cyclone V                             ;
; Device                ; 5CSEMA5F31C6                          ;
+-----------------------+---------------------------------------+


+----------------------------------+
; Assembler Settings               ;
+--------+---------+---------------+
; Option ; Setting ; Default Value ;
+--------+---------+---------------+


+-----------------------------------+
; Assembler Generated Files         ;
+-----------------------------------+
; File Name                         ;
+-----------------------------------+
; C:/lab5/output_files/qsys_lab.sof ;
+-----------------------------------+


+-------------------------------------------------------------+
; Assembler Device Options: C:/lab5/output_files/qsys_lab.sof ;
+----------------+--------------------------------------------+
; Option         ; Setting                                    ;
+----------------+--------------------------------------------+
; Device         ; 5CSEMA5F31C6                               ;
; JTAG usercode  ; 0x0128EAA9                                 ;
; Checksum       ; 0x0128EAA9                                 ;
+----------------+--------------------------------------------+


+--------------------+
; Assembler Messages ;
+--------------------+
Info: *******************************************************************
Info: Running Quartus Prime Assembler
    Info: Version 15.1.0 Build 185 10/21/2015 SJ Standard Edition
    Info: Processing started: Tue Apr 03 15:21:59 2018
Info: Command: quartus_asm --read_settings_files=off --write_settings_files=off qsys_lab -c qsys_lab
Info (115030): Assembler is generating device programming files
Warning (11713): The configuration of the Hard Processor Subsystem (HPS) within this design has changed.
The Preloader software that initializes the HPS requires an update.
Using hps_isw_handoff/qsys_lab_hps_0/, run the Preloader Support Package Generator to update your Preloader software
Info: Quartus Prime Assembler was successful. 0 errors, 1 warning
    Info: Peak virtual memory: 944 megabytes
    Info: Processing ended: Tue Apr 03 15:22:17 2018
    Info: Elapsed time: 00:00:18
    Info: Total CPU time (on all processors): 00:00:15


